<?xml version="1.0" encoding="UTF-8"?>
<testsuite name="SimpleCalculatorTest" tests="2" skipped="0" failures="0" errors="0" timestamp="2019-12-10T09:33:19" hostname="recruit-ThinkCentre-M73" time="0.014">
  <properties/>
  <testcase name="add()" classname="SimpleCalculatorTest" time="0.012"/>
  <testcase name="multiply()" classname="SimpleCalculatorTest" time="0.001"/>
  <system-out><![CDATA[]]></system-out>
  <system-err><![CDATA[]]></system-err>
</testsuite>
